2024/09/26 22:22:47.062392 main.go:217: initDB successfully started
2024/09/26 22:22:47.065899 main.go:233: initDB successfully executed
2024/09/26 22:22:57.298901 main.go:89: indexUrlHandler successfully started
2024/09/26 22:22:57.300088 main.go:93: indexUrlHandler successfully executed
2024/09/26 22:23:01.950077 main.go:97: apiUrlHandler successfully started
2024/09/26 22:23:01.954657 main.go:164: apiUrlHandler successfully executed
2024/09/26 22:24:40.598961 main.go:89: indexUrlHandler successfully started
2024/09/26 22:24:40.599103 main.go:93: indexUrlHandler successfully executed
2024/09/26 22:24:44.370482 main.go:97: apiUrlHandler successfully started
2024/09/26 22:24:44.372211 main.go:164: apiUrlHandler successfully executed
2024/09/26 22:25:01.246468 main.go:89: indexUrlHandler successfully started
2024/09/26 22:25:01.247155 main.go:93: indexUrlHandler successfully executed
2024/09/26 22:25:07.502338 main.go:89: indexUrlHandler successfully started
2024/09/26 22:25:07.614652 main.go:93: indexUrlHandler successfully executed
2024/09/26 22:25:18.735039 main.go:97: apiUrlHandler successfully started
2024/09/26 22:25:18.736456 main.go:164: apiUrlHandler successfully executed
2024/09/26 22:25:23.567864 main.go:168: cUrlHandler successfully started
2024/09/26 22:25:23.568866 main.go:183: cUrlHandler successfully executed
2024/09/26 22:25:47.279416 main.go:97: apiUrlHandler successfully started
2024/09/26 22:25:47.280367 main.go:164: apiUrlHandler successfully executed
2024/09/26 22:25:51.032158 main.go:168: cUrlHandler successfully started
2024/09/26 22:25:51.032871 main.go:183: cUrlHandler successfully executed
2024/09/26 22:26:08.390682 main.go:97: apiUrlHandler successfully started
2024/09/26 22:26:08.395795 main.go:164: apiUrlHandler successfully executed
2024/09/26 22:26:10.668431 main.go:168: cUrlHandler successfully started
2024/09/26 22:26:10.669031 main.go:183: cUrlHandler successfully executed
2024/09/26 22:29:21.259400 main.go:97: apiUrlHandler successfully started
2024/09/26 22:29:21.265209 main.go:164: apiUrlHandler successfully executed
2024/09/26 22:29:24.040990 main.go:168: cUrlHandler successfully started
2024/09/26 22:29:24.041378 main.go:183: cUrlHandler successfully executed
2024/09/26 22:29:46.682053 main.go:97: apiUrlHandler successfully started
2024/09/26 22:29:46.686567 main.go:164: apiUrlHandler successfully executed
2024/09/26 22:29:49.363294 main.go:168: cUrlHandler successfully started
2024/09/26 22:29:49.363974 main.go:183: cUrlHandler successfully executed
