2024/09/27 14:54:16.334354 main.go:224: initDB successfully started
2024/09/27 14:54:16.336487 main.go:240: initDB successfully executed
2024/09/27 14:54:21.728219 main.go:86: indexUrlHandler successfully started
2024/09/27 14:54:21.824584 main.go:90: indexUrlHandler successfully executed
2024/09/27 14:54:24.236186 main.go:86: indexUrlHandler successfully started
2024/09/27 14:54:24.237340 main.go:90: indexUrlHandler successfully executed
2024/09/27 14:55:09.025569 main.go:86: indexUrlHandler successfully started
2024/09/27 14:55:09.026115 main.go:90: indexUrlHandler successfully executed
2024/09/27 14:55:09.693331 main.go:86: indexUrlHandler successfully started
2024/09/27 14:55:09.693892 main.go:90: indexUrlHandler successfully executed
2024/09/27 14:55:14.359641 main.go:94: apiUrlHandler successfully started
2024/09/27 14:55:14.360218 main.go:120: apiUrlHandler failed because req.OriginalUrl does not contains :// dkfjdkdk
2024/09/27 14:55:35.787274 main.go:94: apiUrlHandler successfully started
2024/09/27 14:55:35.792480 main.go:170: apiUrlHandler successfully executed
2024/09/27 14:55:41.917858 main.go:174: cUrlHandler successfully started
2024/09/27 14:55:41.918459 main.go:189: cUrlHandler successfully executed
2024/09/27 14:55:58.613326 main.go:174: cUrlHandler successfully started
2024/09/27 14:55:58.614330 main.go:193: cUrlHandler not found url
2024/09/27 14:56:00.222288 main.go:86: indexUrlHandler successfully started
2024/09/27 14:56:00.223414 main.go:90: indexUrlHandler successfully executed
2024/09/27 14:56:19.372794 main.go:86: indexUrlHandler successfully started
2024/09/27 14:56:19.373044 main.go:90: indexUrlHandler successfully executed
2024/09/27 14:56:41.358387 main.go:86: indexUrlHandler successfully started
2024/09/27 14:56:41.361399 main.go:90: indexUrlHandler successfully executed
2024/09/27 14:56:47.432017 main.go:86: indexUrlHandler successfully started
2024/09/27 14:56:47.432646 main.go:90: indexUrlHandler successfully executed
2024/09/27 14:56:48.256813 main.go:86: indexUrlHandler successfully started
2024/09/27 14:56:48.257370 main.go:90: indexUrlHandler successfully executed
2024/09/27 14:56:48.723330 main.go:86: indexUrlHandler successfully started
2024/09/27 14:56:48.723330 main.go:90: indexUrlHandler successfully executed
2024/09/27 14:56:48.908518 main.go:86: indexUrlHandler successfully started
2024/09/27 14:56:48.909179 main.go:90: indexUrlHandler successfully executed
2024/09/27 14:56:59.150059 main.go:86: indexUrlHandler successfully started
2024/09/27 14:56:59.150938 main.go:90: indexUrlHandler successfully executed
2024/09/27 14:57:16.963344 main.go:86: indexUrlHandler successfully started
2024/09/27 14:57:16.963344 main.go:90: indexUrlHandler successfully executed
2024/09/27 14:57:17.691405 main.go:86: indexUrlHandler successfully started
2024/09/27 14:57:17.692840 main.go:90: indexUrlHandler successfully executed
2024/09/27 14:57:23.247989 main.go:94: apiUrlHandler successfully started
2024/09/27 14:57:23.255737 main.go:170: apiUrlHandler successfully executed
2024/09/27 14:57:29.385668 main.go:174: cUrlHandler successfully started
2024/09/27 14:57:29.387250 main.go:189: cUrlHandler successfully executed
2024/09/27 14:57:44.501487 main.go:174: cUrlHandler successfully started
2024/09/27 14:57:44.502034 main.go:189: cUrlHandler successfully executed
2024/09/27 14:58:37.550205 main.go:86: indexUrlHandler successfully started
2024/09/27 14:58:37.550527 main.go:90: indexUrlHandler successfully executed
